  game.cpp
C:\Users\Etienne\Documents\École\Cégep - Automne 2020\Structures de données dans les jeux\Lab8_FlappyBird\Lab8_FlappyBird\game.cpp(13,15): warning C4244: 'argument' : conversion de 'time_t' en 'unsigned int', perte possible de données
  gameOverState.cpp
C:\Users\Etienne\Documents\École\Cégep - Automne 2020\Structures de données dans les jeux\Lab8_FlappyBird\Lab8_FlappyBird\gameOverState.cpp(19,25): warning C4244: 'initialisation' : conversion de 'T' en 'float', perte possible de données
          with
          [
              T=unsigned int
          ]
C:\Users\Etienne\Documents\École\Cégep - Automne 2020\Structures de données dans les jeux\Lab8_FlappyBird\Lab8_FlappyBird\gameOverState.cpp(20,25): warning C4244: 'initialisation' : conversion de 'T' en 'float', perte possible de données
          with
          [
              T=unsigned int
          ]
C:\Users\Etienne\Documents\École\Cégep - Automne 2020\Structures de données dans les jeux\Lab8_FlappyBird\Lab8_FlappyBird\gameOverState.cpp(39,169): warning C4244: 'argument' : conversion de 'double' en 'float', perte possible de données
C:\Users\Etienne\Documents\École\Cégep - Automne 2020\Structures de données dans les jeux\Lab8_FlappyBird\Lab8_FlappyBird\gameOverState.cpp(61,93): warning C4244: 'argument' : conversion de 'double' en 'float', perte possible de données
C:\Users\Etienne\Documents\École\Cégep - Automne 2020\Structures de données dans les jeux\Lab8_FlappyBird\Lab8_FlappyBird\gameOverState.cpp(61,59): warning C4244: 'argument' : conversion de 'double' en 'float', perte possible de données
C:\Users\Etienne\Documents\École\Cégep - Automne 2020\Structures de données dans les jeux\Lab8_FlappyBird\Lab8_FlappyBird\gameOverState.cpp(69,97): warning C4244: 'argument' : conversion de 'double' en 'float', perte possible de données
C:\Users\Etienne\Documents\École\Cégep - Automne 2020\Structures de données dans les jeux\Lab8_FlappyBird\Lab8_FlappyBird\gameOverState.cpp(69,63): warning C4244: 'argument' : conversion de 'double' en 'float', perte possible de données
  gameState.cpp
C:\Users\Etienne\Documents\École\Cégep - Automne 2020\Structures de données dans les jeux\Lab8_FlappyBird\Lab8_FlappyBird\gameState.cpp(130,27): warning C4018: '<' : incompatibilité signed/unsigned
  mainMenuState.cpp
  splashState.cpp
  Génération de code en cours...
  Lab8_FlappyBird.vcxproj -> C:\Users\Etienne\Documents\École\Cégep - Automne 2020\Structures de données dans les jeux\Lab8_FlappyBird\Debug\Lab8_FlappyBird.exe
